<?xml version="1.0" encoding="UTF-8"?>
<testng-results ignored="0" total="1" passed="1" failed="0" skipped="0">
  <reporter-output>
    <line>
      <![CDATA[testA of Demo1 of day21]]>
    </line>
  </reporter-output>
  <suite started-at="2023-06-23T01:01:10 IST" name="Default suite" finished-at="2023-06-23T01:01:46 IST" duration-ms="36235">
    <groups>
    </groups>
    <test started-at="2023-06-23T01:01:10 IST" name="Default test" finished-at="2023-06-23T01:01:46 IST" duration-ms="36235">
      <class name="day21.Demo1">
        <test-method signature="testA(java.lang.String)[pri:0, instance:day21.Demo1@4cc451f2]" started-at="2023-06-23T01:01:10 IST" name="testA" finished-at="2023-06-23T01:01:46 IST" duration-ms="36102" status="PASS">
          <params>
            <param index="0">
              <value>
                <![CDATA[http://localhost:4444]]>
              </value>
            </param>
          </params>
          <reporter-output>
            <line>
              <![CDATA[testA of Demo1 of day21]]>
            </line>
          </reporter-output>
        </test-method> <!-- testA -->
      </class> <!-- day21.Demo1 -->
    </test> <!-- Default test -->
  </suite> <!-- Default suite -->
</testng-results>
