<?xml version="1.0" encoding="UTF-8"?>
<testng-results ignored="0" total="1" passed="1" failed="0" skipped="0">
  <reporter-output>
  </reporter-output>
  <suite started-at="2023-06-25T19:14:16 IST" name="Default suite" finished-at="2023-06-25T19:14:59 IST" duration-ms="42837">
    <groups>
    </groups>
    <test started-at="2023-06-25T19:14:16 IST" name="Default test" finished-at="2023-06-25T19:14:59 IST" duration-ms="42837">
      <class name="day21.Demo1">
        <test-method signature="testA(java.lang.String,java.lang.String)[pri:0, instance:day21.Demo1@5b239d7d]" started-at="2023-06-25T19:14:16 IST" name="testA" finished-at="2023-06-25T19:14:59 IST" duration-ms="42697" status="PASS">
          <params>
            <param index="0">
              <value>
                <![CDATA[http://localhost:4444]]>
              </value>
            </param>
            <param index="1">
              <value>
                <![CDATA[https://demo.actitime.com/login.do]]>
              </value>
            </param>
          </params>
          <reporter-output>
          </reporter-output>
        </test-method> <!-- testA -->
      </class> <!-- day21.Demo1 -->
    </test> <!-- Default test -->
  </suite> <!-- Default suite -->
</testng-results>
